2024-01-02T19:56:41.445+03:30 ERROR 16456 --- [restartedMain] ersityManagementSystemProjectApplication : Hi
2024-01-02T19:58:13.102+03:30 ERROR 8804 --- [restartedMain] o.s.b.d.LoggingFailureAnalysisReporter   : 

***************************
APPLICATION FAILED TO START
***************************

Description:

Failed to bind properties under 'logging.level.root' to org.springframework.boot.logging.LogLevel:

    Property: logging.level.root
    Value: "warn,error"
    Origin: class path resource [application.properties] - 17:20
    Reason: failed to convert java.lang.String to org.springframework.boot.logging.LogLevel (caused by java.lang.IllegalArgumentException: No enum constant org.springframework.boot.logging.LogLevel.warn,error)

Action:

Update your application's configuration. The following values are valid:

    DEBUG
    ERROR
    FATAL
    INFO
    OFF
    TRACE
    WARN

2024-01-02T19:58:55.504+03:30 ERROR 8224 --- [restartedMain] o.s.b.d.LoggingFailureAnalysisReporter   : 

***************************
APPLICATION FAILED TO START
***************************

Description:

Failed to bind properties under 'logging.level.root' to org.springframework.boot.logging.LogLevel:

    Property: logging.level.root
    Value: "ERROR,WARN"
    Origin: class path resource [application.properties] - 17:20
    Reason: failed to convert java.lang.String to org.springframework.boot.logging.LogLevel (caused by java.lang.IllegalArgumentException: No enum constant org.springframework.boot.logging.LogLevel.ERROR,WARN)

Action:

Update your application's configuration. The following values are valid:

    DEBUG
    ERROR
    FATAL
    INFO
    OFF
    TRACE
    WARN

2024-01-02T19:59:23.001+03:30 ERROR 21056 --- [restartedMain] ersityManagementSystemProjectApplication : Hi
2024-01-02T21:43:11.931+03:30 ERROR 2908 --- [restartedMain] ersityManagementSystemProjectApplication : Hi
2024-01-02T21:43:18.479+03:30 ERROR 2908 --- [restartedMain] ersityManagementSystemProjectApplication : Hi
2024-01-02T21:43:23.715+03:30 ERROR 2908 --- [restartedMain] ersityManagementSystemProjectApplication : Hi
2024-01-02T21:46:32.782+03:30 ERROR 26140 --- [restartedMain] ersityManagementSystemProjectApplication : Hi
